# JRE version: OpenJDK Runtime Environment Temurin-21.0.10+7 (21.0.10+7) (build 21.0.10+7-LTS)
# Java VM: OpenJDK 64-Bit Server VM Temurin-21.0.10+7 (21.0.10+7-LTS, mixed mode, sharing, tiered, compressed oops, compressed class ptrs, parallel gc, windows-amd64)
GC Precious Log:
 CardTable entry size: 512
 CPUs: 12 total, 12 available
 Memory: 16068M
 Large Page Support: Disabled
 NUMA Support: Disabled
 Compressed Oops: Enabled (32-bit)
 Alignments: Space 512K, Generation 512K, Heap 2M
 Heap Min Capacity: 100M
 Heap Initial Capacity: 100M
 Heap Max Capacity: 2G
 Pre-touch: Disabled
 Parallel Workers: 10
Heap:
 PSYoungGen      total 13824K, used 11596K [0x00000000d5580000, 0x00000000d6500000, 0x0000000100000000)
  eden space 13312K, 84% used [0x00000000d5580000,0x00000000d6080ff0,0x00000000d6280000)
  from space 512K, 64% used [0x00000000d6480000,0x00000000d64d2400,0x00000000d6500000)
  to   space 512K, 0% used [0x00000000d6400000,0x00000000d6400000,0x00000000d6480000)
 ParOldGen       total 125952K, used 125626K [0x0000000080000000, 0x0000000087b00000, 0x00000000d5580000)
  object space 125952K, 99% used [0x0000000080000000,0x0000000087aae830,0x0000000087b00000)
 Metaspace       used 67990K, committed 69504K, reserved 1114112K
  class space    used 7135K, committed 7808K, reserved 1048576K
GC Heap History (20 events):
Event: 56.288 GC heap before
{Heap before GC invocations=226 (full 3):
 PSYoungGen      total 13824K, used 13009K [0x00000000d5580000, 0x00000000d6580000, 0x0000000100000000)
  eden space 13312K, 95% used [0x00000000d5580000,0x00000000d61e22e0,0x00000000d6280000)
  from space 512K, 64% used [0x00000000d6500000,0x00000000d6552400,0x00000000d6580000)
  to   space 512K, 0% used [0x00000000d6480000,0x00000000d6480000,0x00000000d6500000)
 ParOldGen       total 124416K, used 124018K [0x0000000080000000, 0x0000000087980000, 0x00000000d5580000)
  object space 124416K, 99% used [0x0000000080000000,0x000000008791c9b0,0x0000000087980000)
 Metaspace       used 67501K, committed 69056K, reserved 1114112K
  class space    used 7104K, committed 7808K, reserved 1048576K
}
Event: 56.291 GC heap after
{Heap after GC invocations=226 (full 3):
 PSYoungGen      total 13824K, used 489K [0x00000000d5580000, 0x00000000d6580000, 0x0000000100000000)
  eden space 13312K, 0% used [0x00000000d5580000,0x00000000d5580000,0x00000000d6280000)
  from space 512K, 95% used [0x00000000d6480000,0x00000000d64fa400,0x00000000d6500000)
  to   space 512K, 0% used [0x00000000d6500000,0x00000000d6500000,0x00000000d6580000)
 ParOldGen       total 124416K, used 124098K [0x0000000080000000, 0x0000000087980000, 0x00000000d5580000)
  object space 124416K, 99% used [0x0000000080000000,0x00000000879309b0,0x0000000087980000)
 Metaspace       used 67501K, committed 69056K, reserved 1114112K
  class space    used 7104K, committed 7808K, reserved 1048576K
}
Event: 56.369 GC heap before
{Heap before GC invocations=227 (full 3):
 PSYoungGen      total 13824K, used 13801K [0x00000000d5580000, 0x00000000d6580000, 0x0000000100000000)
  eden space 13312K, 100% used [0x00000000d5580000,0x00000000d6280000,0x00000000d6280000)
  from space 512K, 95% used [0x00000000d6480000,0x00000000d64fa400,0x00000000d6500000)
  to   space 512K, 0% used [0x00000000d6500000,0x00000000d6500000,0x00000000d6580000)
 ParOldGen       total 124416K, used 124098K [0x0000000080000000, 0x0000000087980000, 0x00000000d5580000)
  object space 124416K, 99% used [0x0000000080000000,0x00000000879309b0,0x0000000087980000)
 Metaspace       used 67513K, committed 69056K, reserved 1114112K
  class space    used 7104K, committed 7808K, reserved 1048576K
}
Event: 56.371 GC heap after
{Heap after GC invocations=227 (full 3):
 PSYoungGen      total 13824K, used 489K [0x00000000d5580000, 0x00000000d6580000, 0x0000000100000000)
  eden space 13312K, 0% used [0x00000000d5580000,0x00000000d5580000,0x00000000d6280000)
  from space 512K, 95% used [0x00000000d6500000,0x00000000d657a400,0x00000000d6580000)
  to   space 1024K, 0% used [0x00000000d6380000,0x00000000d6380000,0x00000000d6480000)
 ParOldGen       total 124928K, used 124429K [0x0000000080000000, 0x0000000087a00000, 0x00000000d5580000)
  object space 124928K, 99% used [0x0000000080000000,0x00000000879835e8,0x0000000087a00000)
 Metaspace       used 67513K, committed 69056K, reserved 1114112K
  class space    used 7104K, committed 7808K, reserved 1048576K
}
Event: 56.554 GC heap before
{Heap before GC invocations=228 (full 3):
 PSYoungGen      total 13824K, used 13801K [0x00000000d5580000, 0x00000000d6580000, 0x0000000100000000)
  eden space 13312K, 100% used [0x00000000d5580000,0x00000000d6280000,0x00000000d6280000)
  from space 512K, 95% used [0x00000000d6500000,0x00000000d657a400,0x00000000d6580000)
  to   space 1024K, 0% used [0x00000000d6380000,0x00000000d6380000,0x00000000d6480000)
 ParOldGen       total 124928K, used 124429K [0x0000000080000000, 0x0000000087a00000, 0x00000000d5580000)
  object space 124928K, 99% used [0x0000000080000000,0x00000000879835e8,0x0000000087a00000)
 Metaspace       used 67557K, committed 69120K, reserved 1114112K
  class space    used 7104K, committed 7808K, reserved 1048576K
}
Event: 56.557 GC heap after
{Heap after GC invocations=228 (full 3):
 PSYoungGen      total 14336K, used 553K [0x00000000d5580000, 0x00000000d6580000, 0x0000000100000000)
  eden space 13312K, 0% used [0x00000000d5580000,0x00000000d5580000,0x00000000d6280000)
  from space 1024K, 54% used [0x00000000d6380000,0x00000000d640a400,0x00000000d6480000)
  to   space 1024K, 0% used [0x00000000d6480000,0x00000000d6480000,0x00000000d6580000)
 ParOldGen       total 125440K, used 124957K [0x0000000080000000, 0x0000000087a80000, 0x00000000d5580000)
  object space 125440K, 99% used [0x0000000080000000,0x0000000087a07400,0x0000000087a80000)
 Metaspace       used 67557K, committed 69120K, reserved 1114112K
  class space    used 7104K, committed 7808K, reserved 1048576K
}
Event: 56.673 GC heap before
{Heap before GC invocations=229 (full 3):
 PSYoungGen      total 14336K, used 12525K [0x00000000d5580000, 0x00000000d6580000, 0x0000000100000000)
  eden space 13312K, 89% used [0x00000000d5580000,0x00000000d61310e8,0x00000000d6280000)
  from space 1024K, 54% used [0x00000000d6380000,0x00000000d640a400,0x00000000d6480000)
  to   space 1024K, 0% used [0x00000000d6480000,0x00000000d6480000,0x00000000d6580000)
 ParOldGen       total 125440K, used 124957K [0x0000000080000000, 0x0000000087a80000, 0x00000000d5580000)
  object space 125440K, 99% used [0x0000000080000000,0x0000000087a07400,0x0000000087a80000)
 Metaspace       used 67578K, committed 69120K, reserved 1114112K
  class space    used 7104K, committed 7808K, reserved 1048576K
}
Event: 56.676 GC heap after
{Heap after GC invocations=229 (full 3):
 PSYoungGen      total 13824K, used 361K [0x00000000d5580000, 0x00000000d6500000, 0x0000000100000000)
  eden space 13312K, 0% used [0x00000000d5580000,0x00000000d5580000,0x00000000d6280000)
  from space 512K, 70% used [0x00000000d6480000,0x00000000d64da400,0x00000000d6500000)
  to   space 512K, 0% used [0x00000000d6400000,0x00000000d6400000,0x00000000d6480000)
 ParOldGen       total 125440K, used 125125K [0x0000000080000000, 0x0000000087a80000, 0x00000000d5580000)
  object space 125440K, 99% used [0x0000000080000000,0x0000000087a31400,0x0000000087a80000)
 Metaspace       used 67578K, committed 69120K, reserved 1114112K
  class space    used 7104K, committed 7808K, reserved 1048576K
}
Event: 56.773 GC heap before
{Heap before GC invocations=230 (full 3):
 PSYoungGen      total 13824K, used 13673K [0x00000000d5580000, 0x00000000d6500000, 0x0000000100000000)
  eden space 13312K, 100% used [0x00000000d5580000,0x00000000d6280000,0x00000000d6280000)
  from space 512K, 70% used [0x00000000d6480000,0x00000000d64da400,0x00000000d6500000)
  to   space 512K, 0% used [0x00000000d6400000,0x00000000d6400000,0x00000000d6480000)
 ParOldGen       total 125440K, used 125125K [0x0000000080000000, 0x0000000087a80000, 0x00000000d5580000)
  object space 125440K, 99% used [0x0000000080000000,0x0000000087a31400,0x0000000087a80000)
 Metaspace       used 67586K, committed 69120K, reserved 1114112K
  class space    used 7104K, committed 7808K, reserved 1048576K
}
Event: 56.775 GC heap after
{Heap after GC invocations=230 (full 3):
 PSYoungGen      total 13824K, used 425K [0x00000000d5580000, 0x00000000d6500000, 0x0000000100000000)
  eden space 13312K, 0% used [0x00000000d5580000,0x00000000d5580000,0x00000000d6280000)
  from space 512K, 83% used [0x00000000d6400000,0x00000000d646a400,0x00000000d6480000)
  to   space 512K, 0% used [0x00000000d6480000,0x00000000d6480000,0x00000000d6500000)
 ParOldGen       total 125440K, used 125197K [0x0000000080000000, 0x0000000087a80000, 0x00000000d5580000)
  object space 125440K, 99% used [0x0000000080000000,0x0000000087a43400,0x0000000087a80000)
 Metaspace       used 67586K, committed 69120K, reserved 1114112K
  class space    used 7104K, committed 7808K, reserved 1048576K
}
Event: 57.043 GC heap before
{Heap before GC invocations=231 (full 3):
 PSYoungGen      total 13824K, used 13737K [0x00000000d5580000, 0x00000000d6500000, 0x0000000100000000)
  eden space 13312K, 100% used [0x00000000d5580000,0x00000000d6280000,0x00000000d6280000)
  from space 512K, 83% used [0x00000000d6400000,0x00000000d646a400,0x00000000d6480000)
  to   space 512K, 0% used [0x00000000d6480000,0x00000000d6480000,0x00000000d6500000)
 ParOldGen       total 125440K, used 125197K [0x0000000080000000, 0x0000000087a80000, 0x00000000d5580000)
  object space 125440K, 99% used [0x0000000080000000,0x0000000087a43400,0x0000000087a80000)
 Metaspace       used 67605K, committed 69120K, reserved 1114112K
  class space    used 7104K, committed 7808K, reserved 1048576K
}
Event: 57.045 GC heap after
{Heap after GC invocations=231 (full 3):
 PSYoungGen      total 13824K, used 457K [0x00000000d5580000, 0x00000000d6500000, 0x0000000100000000)
  eden space 13312K, 0% used [0x00000000d5580000,0x00000000d5580000,0x00000000d6280000)
  from space 512K, 89% used [0x00000000d6480000,0x00000000d64f2400,0x00000000d6500000)
  to   space 512K, 0% used [0x00000000d6400000,0x00000000d6400000,0x00000000d6480000)
 ParOldGen       total 125440K, used 125285K [0x0000000080000000, 0x0000000087a80000, 0x00000000d5580000)
  object space 125440K, 99% used [0x0000000080000000,0x0000000087a59400,0x0000000087a80000)
 Metaspace       used 67605K, committed 69120K, reserved 1114112K
  class space    used 7104K, committed 7808K, reserved 1048576K
}
Event: 57.185 GC heap before
{Heap before GC invocations=232 (full 3):
 PSYoungGen      total 13824K, used 12372K [0x00000000d5580000, 0x00000000d6500000, 0x0000000100000000)
  eden space 13312K, 89% used [0x00000000d5580000,0x00000000d6122e68,0x00000000d6280000)
  from space 512K, 89% used [0x00000000d6480000,0x00000000d64f2400,0x00000000d6500000)
  to   space 512K, 0% used [0x00000000d6400000,0x00000000d6400000,0x00000000d6480000)
 ParOldGen       total 125440K, used 125285K [0x0000000080000000, 0x0000000087a80000, 0x00000000d5580000)
  object space 125440K, 99% used [0x0000000080000000,0x0000000087a59400,0x0000000087a80000)
 Metaspace       used 67617K, committed 69184K, reserved 1114112K
  class space    used 7104K, committed 7808K, reserved 1048576K
}
Event: 57.187 GC heap after
{Heap after GC invocations=232 (full 3):
 PSYoungGen      total 13824K, used 393K [0x00000000d5580000, 0x00000000d6500000, 0x0000000100000000)
  eden space 13312K, 0% used [0x00000000d5580000,0x00000000d5580000,0x00000000d6280000)
  from space 512K, 76% used [0x00000000d6400000,0x00000000d6462400,0x00000000d6480000)
  to   space 512K, 0% used [0x00000000d6480000,0x00000000d6480000,0x00000000d6500000)
 ParOldGen       total 125440K, used 125389K [0x0000000080000000, 0x0000000087a80000, 0x00000000d5580000)
  object space 125440K, 99% used [0x0000000080000000,0x0000000087a73400,0x0000000087a80000)
 Metaspace       used 67617K, committed 69184K, reserved 1114112K
  class space    used 7104K, committed 7808K, reserved 1048576K
}
Event: 57.311 GC heap before
{Heap before GC invocations=233 (full 3):
 PSYoungGen      total 13824K, used 13705K [0x00000000d5580000, 0x00000000d6500000, 0x0000000100000000)
  eden space 13312K, 100% used [0x00000000d5580000,0x00000000d6280000,0x00000000d6280000)
  from space 512K, 76% used [0x00000000d6400000,0x00000000d6462400,0x00000000d6480000)
  to   space 512K, 0% used [0x00000000d6480000,0x00000000d6480000,0x00000000d6500000)
 ParOldGen       total 125440K, used 125389K [0x0000000080000000, 0x0000000087a80000, 0x00000000d5580000)
  object space 125440K, 99% used [0x0000000080000000,0x0000000087a73400,0x0000000087a80000)
 Metaspace       used 67622K, committed 69184K, reserved 1114112K
  class space    used 7104K, committed 7808K, reserved 1048576K
}
Event: 57.312 GC heap after
{Heap after GC invocations=233 (full 3):
 PSYoungGen      total 13824K, used 256K [0x00000000d5580000, 0x00000000d6500000, 0x0000000100000000)
  eden space 13312K, 0% used [0x00000000d5580000,0x00000000d5580000,0x00000000d6280000)
  from space 512K, 50% used [0x00000000d6480000,0x00000000d64c0000,0x00000000d6500000)
  to   space 512K, 0% used [0x00000000d6400000,0x00000000d6400000,0x00000000d6480000)
 ParOldGen       total 125952K, used 125461K [0x0000000080000000, 0x0000000087b00000, 0x00000000d5580000)
  object space 125952K, 99% used [0x0000000080000000,0x0000000087a85400,0x0000000087b00000)
 Metaspace       used 67622K, committed 69184K, reserved 1114112K
  class space    used 7104K, committed 7808K, reserved 1048576K
}
Event: 57.417 GC heap before
{Heap before GC invocations=234 (full 3):
 PSYoungGen      total 13824K, used 13568K [0x00000000d5580000, 0x00000000d6500000, 0x0000000100000000)
  eden space 13312K, 100% used [0x00000000d5580000,0x00000000d6280000,0x00000000d6280000)
  from space 512K, 50% used [0x00000000d6480000,0x00000000d64c0000,0x00000000d6500000)
  to   space 512K, 0% used [0x00000000d6400000,0x00000000d6400000,0x00000000d6480000)
 ParOldGen       total 125952K, used 125461K [0x0000000080000000, 0x0000000087b00000, 0x00000000d5580000)
  object space 125952K, 99% used [0x0000000080000000,0x0000000087a85400,0x0000000087b00000)
 Metaspace       used 67658K, committed 69184K, reserved 1114112K
  class space    used 7104K, committed 7808K, reserved 1048576K
}
Event: 57.418 GC heap after
{Heap after GC invocations=234 (full 3):
 PSYoungGen      total 13824K, used 457K [0x00000000d5580000, 0x00000000d6500000, 0x0000000100000000)
  eden space 13312K, 0% used [0x00000000d5580000,0x00000000d5580000,0x00000000d6280000)
  from space 512K, 89% used [0x00000000d6400000,0x00000000d6472400,0x00000000d6480000)
  to   space 512K, 0% used [0x00000000d6480000,0x00000000d6480000,0x00000000d6500000)
 ParOldGen       total 125952K, used 125538K [0x0000000080000000, 0x0000000087b00000, 0x00000000d5580000)
  object space 125952K, 99% used [0x0000000080000000,0x0000000087a98830,0x0000000087b00000)
 Metaspace       used 67658K, committed 69184K, reserved 1114112K
  class space    used 7104K, committed 7808K, reserved 1048576K
}
Event: 57.524 GC heap before
{Heap before GC invocations=235 (full 3):
 PSYoungGen      total 13824K, used 13769K [0x00000000d5580000, 0x00000000d6500000, 0x0000000100000000)
  eden space 13312K, 100% used [0x00000000d5580000,0x00000000d6280000,0x00000000d6280000)
  from space 512K, 89% used [0x00000000d6400000,0x00000000d6472400,0x00000000d6480000)
  to   space 512K, 0% used [0x00000000d6480000,0x00000000d6480000,0x00000000d6500000)
 ParOldGen       total 125952K, used 125538K [0x0000000080000000, 0x0000000087b00000, 0x00000000d5580000)
  object space 125952K, 99% used [0x0000000080000000,0x0000000087a98830,0x0000000087b00000)
 Metaspace       used 67665K, committed 69248K, reserved 1114112K
  class space    used 7104K, committed 7808K, reserved 1048576K
}
Event: 57.525 GC heap after
{Heap after GC invocations=235 (full 3):
 PSYoungGen      total 13824K, used 329K [0x00000000d5580000, 0x00000000d6500000, 0x0000000100000000)
  eden space 13312K, 0% used [0x00000000d5580000,0x00000000d5580000,0x00000000d6280000)
  from space 512K, 64% used [0x00000000d6480000,0x00000000d64d2400,0x00000000d6500000)
  to   space 512K, 0% used [0x00000000d6400000,0x00000000d6400000,0x00000000d6480000)
 ParOldGen       total 125952K, used 125626K [0x0000000080000000, 0x0000000087b00000, 0x00000000d5580000)
  object space 125952K, 99% used [0x0000000080000000,0x0000000087aae830,0x0000000087b00000)
 Metaspace       used 67665K, committed 69248K, reserved 1114112K
  class space    used 7104K, committed 7808K, reserved 1048576K
}

