# JRE version: OpenJDK Runtime Environment Temurin-21.0.10+7 (21.0.10+7) (build 21.0.10+7-LTS)
# Java VM: OpenJDK 64-Bit Server VM Temurin-21.0.10+7 (21.0.10+7-LTS, mixed mode, sharing, tiered, compressed oops, compressed class ptrs, parallel gc, windows-amd64)
GC Precious Log:
 CardTable entry size: 512
 CPUs: 12 total, 12 available
 Memory: 16068M
 Large Page Support: Disabled
 NUMA Support: Disabled
 Compressed Oops: Enabled (32-bit)
 Alignments: Space 512K, Generation 512K, Heap 2M
 Heap Min Capacity: 100M
 Heap Initial Capacity: 100M
 Heap Max Capacity: 2G
 Pre-touch: Disabled
 Parallel Workers: 10
Heap:
 PSYoungGen      total 7168K, used 2374K [0x00000000d5580000, 0x00000000d6780000, 0x0000000100000000)
  eden space 4608K, 1% used [0x00000000d5580000,0x00000000d5591b20,0x00000000d5a00000)
  from space 2560K, 90% used [0x00000000d5a00000,0x00000000d5c40020,0x00000000d5c80000)
  to   space 6144K, 0% used [0x00000000d6180000,0x00000000d6180000,0x00000000d6780000)
 ParOldGen       total 1376256K, used 1215209K [0x0000000080000000, 0x00000000d4000000, 0x00000000d5580000)
  object space 1376256K, 88% used [0x0000000080000000,0x00000000ca2ba5e8,0x00000000d4000000)
 Metaspace       used 78125K, committed 79808K, reserved 1179648K
  class space    used 8165K, committed 8896K, reserved 1048576K
GC Heap History (20 events):
Event: 1294.129 GC heap before
{Heap before GC invocations=2416 (full 4):
 PSYoungGen      total 11776K, used 11397K [0x00000000d5580000, 0x00000000d6a80000, 0x0000000100000000)
  eden space 7680K, 100% used [0x00000000d5580000,0x00000000d5d00000,0x00000000d5d00000)
  from space 4096K, 90% used [0x00000000d5f80000,0x00000000d6321500,0x00000000d6380000)
  to   space 5120K, 0% used [0x00000000d6580000,0x00000000d6580000,0x00000000d6a80000)
 ParOldGen       total 1376256K, used 1140035K [0x0000000080000000, 0x00000000d4000000, 0x00000000d5580000)
  object space 1376256K, 82% used [0x0000000080000000,0x00000000c5950d08,0x00000000d4000000)
 Metaspace       used 77971K, committed 79616K, reserved 1179648K
  class space    used 8165K, committed 8896K, reserved 1048576K
}
Event: 1294.140 GC heap after
{Heap after GC invocations=2416 (full 4):
 PSYoungGen      total 8704K, used 5093K [0x00000000d5580000, 0x00000000d7600000, 0x0000000100000000)
  eden space 3584K, 0% used [0x00000000d5580000,0x00000000d5580000,0x00000000d5900000)
  from space 5120K, 99% used [0x00000000d6580000,0x00000000d6a79500,0x00000000d6a80000)
  to   space 12800K, 0% used [0x00000000d5900000,0x00000000d5900000,0x00000000d6580000)
 ParOldGen       total 1376256K, used 1146264K [0x0000000080000000, 0x00000000d4000000, 0x00000000d5580000)
  object space 1376256K, 83% used [0x0000000080000000,0x00000000c5f66218,0x00000000d4000000)
 Metaspace       used 77971K, committed 79616K, reserved 1179648K
  class space    used 8165K, committed 8896K, reserved 1048576K
}
Event: 1294.154 GC heap before
{Heap before GC invocations=2417 (full 4):
 PSYoungGen      total 8704K, used 8677K [0x00000000d5580000, 0x00000000d7600000, 0x0000000100000000)
  eden space 3584K, 100% used [0x00000000d5580000,0x00000000d5900000,0x00000000d5900000)
  from space 5120K, 99% used [0x00000000d6580000,0x00000000d6a79500,0x00000000d6a80000)
  to   space 12800K, 0% used [0x00000000d5900000,0x00000000d5900000,0x00000000d6580000)
 ParOldGen       total 1376256K, used 1146264K [0x0000000080000000, 0x00000000d4000000, 0x00000000d5580000)
  object space 1376256K, 83% used [0x0000000080000000,0x00000000c5f66218,0x00000000d4000000)
 Metaspace       used 77971K, committed 79616K, reserved 1179648K
  class space    used 8165K, committed 8896K, reserved 1048576K
}
Event: 1294.163 GC heap after
{Heap after GC invocations=2417 (full 4):
 PSYoungGen      total 7680K, used 3712K [0x00000000d5580000, 0x00000000d6700000, 0x0000000100000000)
  eden space 3584K, 0% used [0x00000000d5580000,0x00000000d5580000,0x00000000d5900000)
  from space 4096K, 90% used [0x00000000d5900000,0x00000000d5ca0000,0x00000000d5d00000)
  to   space 6656K, 0% used [0x00000000d6080000,0x00000000d6080000,0x00000000d6700000)
 ParOldGen       total 1376256K, used 1151429K [0x0000000080000000, 0x00000000d4000000, 0x00000000d5580000)
  object space 1376256K, 83% used [0x0000000080000000,0x00000000c6471718,0x00000000d4000000)
 Metaspace       used 77971K, committed 79616K, reserved 1179648K
  class space    used 8165K, committed 8896K, reserved 1048576K
}
Event: 1294.176 GC heap before
{Heap before GC invocations=2418 (full 4):
 PSYoungGen      total 7680K, used 7296K [0x00000000d5580000, 0x00000000d6700000, 0x0000000100000000)
  eden space 3584K, 100% used [0x00000000d5580000,0x00000000d5900000,0x00000000d5900000)
  from space 4096K, 90% used [0x00000000d5900000,0x00000000d5ca0000,0x00000000d5d00000)
  to   space 6656K, 0% used [0x00000000d6080000,0x00000000d6080000,0x00000000d6700000)
 ParOldGen       total 1376256K, used 1151429K [0x0000000080000000, 0x00000000d4000000, 0x00000000d5580000)
  object space 1376256K, 83% used [0x0000000080000000,0x00000000c6471718,0x00000000d4000000)
 Metaspace       used 77971K, committed 79616K, reserved 1179648K
  class space    used 8165K, committed 8896K, reserved 1048576K
}
Event: 1294.182 GC heap after
{Heap after GC invocations=2418 (full 4):
 PSYoungGen      total 8192K, used 3168K [0x00000000d5580000, 0x00000000d6400000, 0x0000000100000000)
  eden space 4608K, 0% used [0x00000000d5580000,0x00000000d5580000,0x00000000d5a00000)
  from space 3584K, 88% used [0x00000000d6080000,0x00000000d6398000,0x00000000d6400000)
  to   space 4096K, 0% used [0x00000000d5c00000,0x00000000d5c00000,0x00000000d6000000)
 ParOldGen       total 1376256K, used 1155053K [0x0000000080000000, 0x00000000d4000000, 0x00000000d5580000)
  object space 1376256K, 83% used [0x0000000080000000,0x00000000c67fb718,0x00000000d4000000)
 Metaspace       used 77971K, committed 79616K, reserved 1179648K
  class space    used 8165K, committed 8896K, reserved 1048576K
}
Event: 1294.198 GC heap before
{Heap before GC invocations=2419 (full 4):
 PSYoungGen      total 8192K, used 7776K [0x00000000d5580000, 0x00000000d6400000, 0x0000000100000000)
  eden space 4608K, 100% used [0x00000000d5580000,0x00000000d5a00000,0x00000000d5a00000)
  from space 3584K, 88% used [0x00000000d6080000,0x00000000d6398000,0x00000000d6400000)
  to   space 4096K, 0% used [0x00000000d5c00000,0x00000000d5c00000,0x00000000d6000000)
 ParOldGen       total 1376256K, used 1155053K [0x0000000080000000, 0x00000000d4000000, 0x00000000d5580000)
  object space 1376256K, 83% used [0x0000000080000000,0x00000000c67fb718,0x00000000d4000000)
 Metaspace       used 77971K, committed 79616K, reserved 1179648K
  class space    used 8165K, committed 8896K, reserved 1048576K
}
Event: 1294.205 GC heap after
{Heap after GC invocations=2419 (full 4):
 PSYoungGen      total 9728K, used 4080K [0x00000000d5580000, 0x00000000d6b00000, 0x0000000100000000)
  eden space 5632K, 0% used [0x00000000d5580000,0x00000000d5580000,0x00000000d5b00000)
  from space 4096K, 99% used [0x00000000d5c00000,0x00000000d5ffc050,0x00000000d6000000)
  to   space 8192K, 0% used [0x00000000d6300000,0x00000000d6300000,0x00000000d6b00000)
 ParOldGen       total 1376256K, used 1158157K [0x0000000080000000, 0x00000000d4000000, 0x00000000d5580000)
  object space 1376256K, 84% used [0x0000000080000000,0x00000000c6b03718,0x00000000d4000000)
 Metaspace       used 77971K, committed 79616K, reserved 1179648K
  class space    used 8165K, committed 8896K, reserved 1048576K
}
Event: 1294.229 GC heap before
{Heap before GC invocations=2420 (full 4):
 PSYoungGen      total 9728K, used 9517K [0x00000000d5580000, 0x00000000d6b00000, 0x0000000100000000)
  eden space 5632K, 96% used [0x00000000d5580000,0x00000000d5acf688,0x00000000d5b00000)
  from space 4096K, 99% used [0x00000000d5c00000,0x00000000d5ffc050,0x00000000d6000000)
  to   space 8192K, 0% used [0x00000000d6300000,0x00000000d6300000,0x00000000d6b00000)
 ParOldGen       total 1376256K, used 1158157K [0x0000000080000000, 0x00000000d4000000, 0x00000000d5580000)
  object space 1376256K, 84% used [0x0000000080000000,0x00000000c6b03718,0x00000000d4000000)
 Metaspace       used 77974K, committed 79616K, reserved 1179648K
  class space    used 8165K, committed 8896K, reserved 1048576K
}
Event: 1294.236 GC heap after
{Heap after GC invocations=2420 (full 4):
 PSYoungGen      total 11776K, used 4578K [0x00000000d5580000, 0x00000000d6780000, 0x0000000100000000)
  eden space 7168K, 0% used [0x00000000d5580000,0x00000000d5580000,0x00000000d5c80000)
  from space 4608K, 99% used [0x00000000d6300000,0x00000000d67788b0,0x00000000d6780000)
  to   space 5632K, 0% used [0x00000000d5c80000,0x00000000d5c80000,0x00000000d6200000)
 ParOldGen       total 1376256K, used 1162261K [0x0000000080000000, 0x00000000d4000000, 0x00000000d5580000)
  object space 1376256K, 84% used [0x0000000080000000,0x00000000c6f05778,0x00000000d4000000)
 Metaspace       used 77974K, committed 79616K, reserved 1179648K
  class space    used 8165K, committed 8896K, reserved 1048576K
}
Event: 1294.268 GC heap before
{Heap before GC invocations=2421 (full 4):
 PSYoungGen      total 11776K, used 10774K [0x00000000d5580000, 0x00000000d6780000, 0x0000000100000000)
  eden space 7168K, 86% used [0x00000000d5580000,0x00000000d5b8d210,0x00000000d5c80000)
  from space 4608K, 99% used [0x00000000d6300000,0x00000000d67788b0,0x00000000d6780000)
  to   space 5632K, 0% used [0x00000000d5c80000,0x00000000d5c80000,0x00000000d6200000)
 ParOldGen       total 1376256K, used 1162261K [0x0000000080000000, 0x00000000d4000000, 0x00000000d5580000)
  object space 1376256K, 84% used [0x0000000080000000,0x00000000c6f05778,0x00000000d4000000)
 Metaspace       used 77974K, committed 79616K, reserved 1179648K
  class space    used 8165K, committed 8896K, reserved 1048576K
}
Event: 1294.275 GC heap after
{Heap after GC invocations=2421 (full 4):
 PSYoungGen      total 12800K, used 5626K [0x00000000d5580000, 0x00000000d7300000, 0x0000000100000000)
  eden space 7168K, 0% used [0x00000000d5580000,0x00000000d5580000,0x00000000d5c80000)
  from space 5632K, 99% used [0x00000000d5c80000,0x00000000d61fe9b8,0x00000000d6200000)
  to   space 10752K, 0% used [0x00000000d6880000,0x00000000d6880000,0x00000000d7300000)
 ParOldGen       total 1376256K, used 1166180K [0x0000000080000000, 0x00000000d4000000, 0x00000000d5580000)
  object space 1376256K, 84% used [0x0000000080000000,0x00000000c72d9308,0x00000000d4000000)
 Metaspace       used 77974K, committed 79616K, reserved 1179648K
  class space    used 8165K, committed 8896K, reserved 1048576K
}
Event: 1294.412 GC heap before
{Heap before GC invocations=2422 (full 4):
 PSYoungGen      total 12800K, used 12794K [0x00000000d5580000, 0x00000000d7300000, 0x0000000100000000)
  eden space 7168K, 100% used [0x00000000d5580000,0x00000000d5c80000,0x00000000d5c80000)
  from space 5632K, 99% used [0x00000000d5c80000,0x00000000d61fe9b8,0x00000000d6200000)
  to   space 10752K, 0% used [0x00000000d6880000,0x00000000d6880000,0x00000000d7300000)
 ParOldGen       total 1376256K, used 1196900K [0x0000000080000000, 0x00000000d4000000, 0x00000000d5580000)
  object space 1376256K, 86% used [0x0000000080000000,0x00000000c90d9338,0x00000000d4000000)
 Metaspace       used 77999K, committed 79680K, reserved 1179648K
  class space    used 8165K, committed 8896K, reserved 1048576K
}
Event: 1294.419 GC heap after
{Heap after GC invocations=2422 (full 4):
 PSYoungGen      total 12800K, used 5284K [0x00000000d5580000, 0x00000000d6e00000, 0x0000000100000000)
  eden space 7168K, 0% used [0x00000000d5580000,0x00000000d5580000,0x00000000d5c80000)
  from space 5632K, 93% used [0x00000000d6880000,0x00000000d6da9290,0x00000000d6e00000)
  to   space 7168K, 0% used [0x00000000d6000000,0x00000000d6000000,0x00000000d6700000)
 ParOldGen       total 1376256K, used 1198308K [0x0000000080000000, 0x00000000d4000000, 0x00000000d5580000)
  object space 1376256K, 87% used [0x0000000080000000,0x00000000c9239338,0x00000000d4000000)
 Metaspace       used 77999K, committed 79680K, reserved 1179648K
  class space    used 8165K, committed 8896K, reserved 1048576K
}
Event: 1294.481 GC heap before
{Heap before GC invocations=2423 (full 4):
 PSYoungGen      total 12800K, used 12452K [0x00000000d5580000, 0x00000000d6e00000, 0x0000000100000000)
  eden space 7168K, 100% used [0x00000000d5580000,0x00000000d5c80000,0x00000000d5c80000)
  from space 5632K, 93% used [0x00000000d6880000,0x00000000d6da9290,0x00000000d6e00000)
  to   space 7168K, 0% used [0x00000000d6000000,0x00000000d6000000,0x00000000d6700000)
 ParOldGen       total 1376256K, used 1198308K [0x0000000080000000, 0x00000000d4000000, 0x00000000d5580000)
  object space 1376256K, 87% used [0x0000000080000000,0x00000000c9239338,0x00000000d4000000)
 Metaspace       used 77999K, committed 79680K, reserved 1179648K
  class space    used 8165K, committed 8896K, reserved 1048576K
}
Event: 1294.493 GC heap after
{Heap after GC invocations=2423 (full 4):
 PSYoungGen      total 14336K, used 7136K [0x00000000d5580000, 0x00000000d6b80000, 0x0000000100000000)
  eden space 7168K, 0% used [0x00000000d5580000,0x00000000d5580000,0x00000000d5c80000)
  from space 7168K, 99% used [0x00000000d6000000,0x00000000d66f8000,0x00000000d6700000)
  to   space 4608K, 0% used [0x00000000d6700000,0x00000000d6700000,0x00000000d6b80000)
 ParOldGen       total 1376256K, used 1203489K [0x0000000080000000, 0x00000000d4000000, 0x00000000d5580000)
  object space 1376256K, 87% used [0x0000000080000000,0x00000000c97485e8,0x00000000d4000000)
 Metaspace       used 77999K, committed 79680K, reserved 1179648K
  class space    used 8165K, committed 8896K, reserved 1048576K
}
Event: 1294.596 GC heap before
{Heap before GC invocations=2424 (full 4):
 PSYoungGen      total 14336K, used 14304K [0x00000000d5580000, 0x00000000d6b80000, 0x0000000100000000)
  eden space 7168K, 100% used [0x00000000d5580000,0x00000000d5c80000,0x00000000d5c80000)
  from space 7168K, 99% used [0x00000000d6000000,0x00000000d66f8000,0x00000000d6700000)
  to   space 4608K, 0% used [0x00000000d6700000,0x00000000d6700000,0x00000000d6b80000)
 ParOldGen       total 1376256K, used 1203489K [0x0000000080000000, 0x00000000d4000000, 0x00000000d5580000)
  object space 1376256K, 87% used [0x0000000080000000,0x00000000c97485e8,0x00000000d4000000)
 Metaspace       used 78051K, committed 79744K, reserved 1179648K
  class space    used 8165K, committed 8896K, reserved 1048576K
}
Event: 1294.610 GC heap after
{Heap after GC invocations=2424 (full 4):
 PSYoungGen      total 9216K, used 4608K [0x00000000d5580000, 0x00000000d7680000, 0x0000000100000000)
  eden space 4608K, 0% used [0x00000000d5580000,0x00000000d5580000,0x00000000d5a00000)
  from space 4608K, 100% used [0x00000000d6700000,0x00000000d6b80000,0x00000000d6b80000)
  to   space 13312K, 0% used [0x00000000d5a00000,0x00000000d5a00000,0x00000000d6700000)
 ParOldGen       total 1376256K, used 1211049K [0x0000000080000000, 0x00000000d4000000, 0x00000000d5580000)
  object space 1376256K, 87% used [0x0000000080000000,0x00000000c9eaa5e8,0x00000000d4000000)
 Metaspace       used 78051K, committed 79744K, reserved 1179648K
  class space    used 8165K, committed 8896K, reserved 1048576K
}
Event: 12466.858 GC heap before
{Heap before GC invocations=2425 (full 4):
 PSYoungGen      total 9216K, used 9215K [0x00000000d5580000, 0x00000000d7680000, 0x0000000100000000)
  eden space 4608K, 99% used [0x00000000d5580000,0x00000000d59fffe8,0x00000000d5a00000)
  from space 4608K, 100% used [0x00000000d6700000,0x00000000d6b80000,0x00000000d6b80000)
  to   space 13312K, 0% used [0x00000000d5a00000,0x00000000d5a00000,0x00000000d6700000)
 ParOldGen       total 1376256K, used 1211049K [0x0000000080000000, 0x00000000d4000000, 0x00000000d5580000)
  object space 1376256K, 87% used [0x0000000080000000,0x00000000c9eaa5e8,0x00000000d4000000)
 Metaspace       used 78125K, committed 79808K, reserved 1179648K
  class space    used 8165K, committed 8896K, reserved 1048576K
}
Event: 12467.273 GC heap after
{Heap after GC invocations=2425 (full 4):
 PSYoungGen      total 7168K, used 2304K [0x00000000d5580000, 0x00000000d6780000, 0x0000000100000000)
  eden space 4608K, 0% used [0x00000000d5580000,0x00000000d5580000,0x00000000d5a00000)
  from space 2560K, 90% used [0x00000000d5a00000,0x00000000d5c40020,0x00000000d5c80000)
  to   space 6144K, 0% used [0x00000000d6180000,0x00000000d6180000,0x00000000d6780000)
 ParOldGen       total 1376256K, used 1215209K [0x0000000080000000, 0x00000000d4000000, 0x00000000d5580000)
  object space 1376256K, 88% used [0x0000000080000000,0x00000000ca2ba5e8,0x00000000d4000000)
 Metaspace       used 78125K, committed 79808K, reserved 1179648K
  class space    used 8165K, committed 8896K, reserved 1048576K
}

